[0.361s] Invoking command in '/home/max/ros2_ws/src/py_pubsub': PYTHONPATH=/home/max/ros2_ws/src/py_pubsub/build/py_pubsub/prefix_override:/usr/lib/python3/dist-packages/colcon_core/task/python/colcon_distutils_commands:/home/max/ros2_ws/src/py_pubsub/install/py_pubsub/lib/python3.10/site-packages:${PYTHONPATH} /usr/bin/python3 -W ignore:setup.py install is deprecated setup.py egg_info --egg-base build/py_pubsub build --build-base /home/max/ros2_ws/src/py_pubsub/build/py_pubsub/build install --record /home/max/ros2_ws/src/py_pubsub/build/py_pubsub/install.log --single-version-externally-managed install_data
[0.514s] running egg_info
[0.514s] creating build/py_pubsub/py_pubsub.egg-info
[0.514s] writing build/py_pubsub/py_pubsub.egg-info/PKG-INFO
[0.514s] writing dependency_links to build/py_pubsub/py_pubsub.egg-info/dependency_links.txt
[0.514s] writing entry points to build/py_pubsub/py_pubsub.egg-info/entry_points.txt
[0.514s] writing requirements to build/py_pubsub/py_pubsub.egg-info/requires.txt
[0.515s] writing top-level names to build/py_pubsub/py_pubsub.egg-info/top_level.txt
[0.515s] writing manifest file 'build/py_pubsub/py_pubsub.egg-info/SOURCES.txt'
[0.516s] reading manifest file 'build/py_pubsub/py_pubsub.egg-info/SOURCES.txt'
[0.516s] adding license file 'LICENSE'
[0.516s] writing manifest file 'build/py_pubsub/py_pubsub.egg-info/SOURCES.txt'
[0.516s] running build
[0.516s] running build_py
[0.516s] creating /home/max/ros2_ws/src/py_pubsub/build/py_pubsub/build
[0.517s] creating /home/max/ros2_ws/src/py_pubsub/build/py_pubsub/build/lib
[0.517s] creating /home/max/ros2_ws/src/py_pubsub/build/py_pubsub/build/lib/py_pubsub
[0.517s] copying py_pubsub/__init__.py -> /home/max/ros2_ws/src/py_pubsub/build/py_pubsub/build/lib/py_pubsub
[0.517s] running install
[0.517s] running install_lib
[0.518s] creating /home/max/ros2_ws/src/py_pubsub/install/py_pubsub/lib/python3.10/site-packages/py_pubsub
[0.518s] copying /home/max/ros2_ws/src/py_pubsub/build/py_pubsub/build/lib/py_pubsub/__init__.py -> /home/max/ros2_ws/src/py_pubsub/install/py_pubsub/lib/python3.10/site-packages/py_pubsub
[0.518s] byte-compiling /home/max/ros2_ws/src/py_pubsub/install/py_pubsub/lib/python3.10/site-packages/py_pubsub/__init__.py to __init__.cpython-310.pyc
[0.518s] running install_data
[0.518s] creating /home/max/ros2_ws/src/py_pubsub/install/py_pubsub/share/ament_index
[0.518s] creating /home/max/ros2_ws/src/py_pubsub/install/py_pubsub/share/ament_index/resource_index
[0.518s] creating /home/max/ros2_ws/src/py_pubsub/install/py_pubsub/share/ament_index/resource_index/packages
[0.518s] copying resource/py_pubsub -> /home/max/ros2_ws/src/py_pubsub/install/py_pubsub/share/ament_index/resource_index/packages
[0.518s] copying package.xml -> /home/max/ros2_ws/src/py_pubsub/install/py_pubsub/share/py_pubsub
[0.518s] running install_egg_info
[0.520s] Copying build/py_pubsub/py_pubsub.egg-info to /home/max/ros2_ws/src/py_pubsub/install/py_pubsub/lib/python3.10/site-packages/py_pubsub-0.0.0-py3.10.egg-info
[0.520s] running install_scripts
[0.536s] writing list of installed files to '/home/max/ros2_ws/src/py_pubsub/build/py_pubsub/install.log'
[0.554s] Invoked command in '/home/max/ros2_ws/src/py_pubsub' returned '0': PYTHONPATH=/home/max/ros2_ws/src/py_pubsub/build/py_pubsub/prefix_override:/usr/lib/python3/dist-packages/colcon_core/task/python/colcon_distutils_commands:/home/max/ros2_ws/src/py_pubsub/install/py_pubsub/lib/python3.10/site-packages:${PYTHONPATH} /usr/bin/python3 -W ignore:setup.py install is deprecated setup.py egg_info --egg-base build/py_pubsub build --build-base /home/max/ros2_ws/src/py_pubsub/build/py_pubsub/build install --record /home/max/ros2_ws/src/py_pubsub/build/py_pubsub/install.log --single-version-externally-managed install_data
